<?xml version="1.0" encoding="UTF-8"?>
<!-- Generated by org.testng.reporters.JUnitReportReporter -->
<testsuite hostname="DESKTOP-3IUQDVQ" failures="0" tests="1" name="test_cases.FileUploadDemo2" time="17.549" errors="0" timestamp="8 Dec 2020 19:36:11 GMT">
  <testcase classname="test_cases.FileUploadDemo2" name="robotTest" time="17.549"/>
</testsuite> <!-- test_cases.FileUploadDemo2 -->
